# JRE version: Java(TM) SE Runtime Environment (21.0.8+12) (build 21.0.8+12-LTS-250)
# Java VM: Java HotSpot(TM) 64-Bit Server VM (21.0.8+12-LTS-250, mixed mode, sharing, tiered, compressed oops, compressed class ptrs, g1 gc, windows-amd64)
GC Precious Log:
 CardTable entry size: 512
 Card Set container configuration: InlinePtr #cards 4 size 8 Array Of Cards #cards 16 size 48 Howl #buckets 8 coarsen threshold 3686 Howl Bitmap #cards 512 size 80 coarsen threshold 460 Card regions per heap region 1 cards per card region 4096
 CPUs: 8 total, 8 available
 Memory: 15781M
 Large Page Support: Disabled
 NUMA Support: Disabled
 Compressed Oops: Enabled (Zero based)
 Heap Region Size: 2M
 Heap Min Capacity: 8M
 Heap Initial Capacity: 248M
 Heap Max Capacity: 3946M
 Pre-touch: Disabled
 Parallel Workers: 8
 Concurrent Workers: 2
 Concurrent Refinement Workers: 8
 Periodic GC: Disabled
Heap:
 garbage-first heap   total 61440K, used 35873K [0x0000000709600000, 0x0000000800000000)
  region size 2048K, 4 young (8192K), 1 survivors (2048K)
 Metaspace       used 55247K, committed 56000K, reserved 1114112K
  class space    used 7268K, committed 7616K, reserved 1048576K
GC Heap History (20 events):
Event: 10.500 GC heap before
{Heap before GC invocations=4 (full 0):
 garbage-first heap   total 61440K, used 43216K [0x0000000709600000, 0x0000000800000000)
  region size 2048K, 18 young (36864K), 4 survivors (8192K)
 Metaspace       used 23499K, committed 23808K, reserved 1114112K
  class space    used 2944K, committed 3072K, reserved 1048576K
}
Event: 10.512 GC heap after
{Heap after GC invocations=5 (full 0):
 garbage-first heap   total 61440K, used 15837K [0x0000000709600000, 0x0000000800000000)
  region size 2048K, 2 young (4096K), 2 survivors (4096K)
 Metaspace       used 23499K, committed 23808K, reserved 1114112K
  class space    used 2944K, committed 3072K, reserved 1048576K
}
Event: 12.488 GC heap before
{Heap before GC invocations=5 (full 0):
 garbage-first heap   total 61440K, used 42461K [0x0000000709600000, 0x0000000800000000)
  region size 2048K, 15 young (30720K), 2 survivors (4096K)
 Metaspace       used 27981K, committed 28480K, reserved 1114112K
  class space    used 3598K, committed 3840K, reserved 1048576K
}
Event: 12.504 GC heap after
{Heap after GC invocations=6 (full 0):
 garbage-first heap   total 61440K, used 18318K [0x0000000709600000, 0x0000000800000000)
  region size 2048K, 2 young (4096K), 2 survivors (4096K)
 Metaspace       used 27981K, committed 28480K, reserved 1114112K
  class space    used 3598K, committed 3840K, reserved 1048576K
}
Event: 14.106 GC heap before
{Heap before GC invocations=6 (full 0):
 garbage-first heap   total 61440K, used 44942K [0x0000000709600000, 0x0000000800000000)
  region size 2048K, 16 young (32768K), 2 survivors (4096K)
 Metaspace       used 34461K, committed 34944K, reserved 1114112K
  class space    used 4567K, committed 4800K, reserved 1048576K
}
Event: 14.129 GC heap after
{Heap after GC invocations=7 (full 0):
 garbage-first heap   total 61440K, used 21168K [0x0000000709600000, 0x0000000800000000)
  region size 2048K, 2 young (4096K), 2 survivors (4096K)
 Metaspace       used 34461K, committed 34944K, reserved 1114112K
  class space    used 4567K, committed 4800K, reserved 1048576K
}
Event: 14.723 GC heap before
{Heap before GC invocations=7 (full 0):
 garbage-first heap   total 61440K, used 29360K [0x0000000709600000, 0x0000000800000000)
  region size 2048K, 7 young (14336K), 2 survivors (4096K)
 Metaspace       used 35428K, committed 35968K, reserved 1114112K
  class space    used 4707K, committed 4992K, reserved 1048576K
}
Event: 14.734 GC heap after
{Heap after GC invocations=8 (full 0):
 garbage-first heap   total 61440K, used 22003K [0x0000000709600000, 0x0000000800000000)
  region size 2048K, 1 young (2048K), 1 survivors (2048K)
 Metaspace       used 35428K, committed 35968K, reserved 1114112K
  class space    used 4707K, committed 4992K, reserved 1048576K
}
Event: 16.302 GC heap before
{Heap before GC invocations=9 (full 0):
 garbage-first heap   total 61440K, used 48627K [0x0000000709600000, 0x0000000800000000)
  region size 2048K, 14 young (28672K), 1 survivors (2048K)
 Metaspace       used 38416K, committed 38976K, reserved 1114112K
  class space    used 5091K, committed 5376K, reserved 1048576K
}
Event: 16.316 GC heap after
{Heap after GC invocations=10 (full 0):
 garbage-first heap   total 61440K, used 24153K [0x0000000709600000, 0x0000000800000000)
  region size 2048K, 2 young (4096K), 2 survivors (4096K)
 Metaspace       used 38416K, committed 38976K, reserved 1114112K
  class space    used 5091K, committed 5376K, reserved 1048576K
}
Event: 18.938 GC heap before
{Heap before GC invocations=10 (full 0):
 garbage-first heap   total 61440K, used 48729K [0x0000000709600000, 0x0000000800000000)
  region size 2048K, 15 young (30720K), 2 survivors (4096K)
 Metaspace       used 44314K, committed 44992K, reserved 1114112K
  class space    used 5900K, committed 6208K, reserved 1048576K
}
Event: 18.961 GC heap after
{Heap after GC invocations=11 (full 0):
 garbage-first heap   total 61440K, used 27006K [0x0000000709600000, 0x0000000800000000)
  region size 2048K, 2 young (4096K), 2 survivors (4096K)
 Metaspace       used 44314K, committed 44992K, reserved 1114112K
  class space    used 5900K, committed 6208K, reserved 1048576K
}
Event: 20.646 GC heap before
{Heap before GC invocations=11 (full 0):
 garbage-first heap   total 61440K, used 49534K [0x0000000709600000, 0x0000000800000000)
  region size 2048K, 13 young (26624K), 2 survivors (4096K)
 Metaspace       used 48996K, committed 49728K, reserved 1114112K
  class space    used 6547K, committed 6848K, reserved 1048576K
}
Event: 20.660 GC heap after
{Heap after GC invocations=12 (full 0):
 garbage-first heap   total 61440K, used 29305K [0x0000000709600000, 0x0000000800000000)
  region size 2048K, 2 young (4096K), 2 survivors (4096K)
 Metaspace       used 48996K, committed 49728K, reserved 1114112K
  class space    used 6547K, committed 6848K, reserved 1048576K
}
Event: 50.564 GC heap before
{Heap before GC invocations=12 (full 0):
 garbage-first heap   total 61440K, used 47737K [0x0000000709600000, 0x0000000800000000)
  region size 2048K, 12 young (24576K), 2 survivors (4096K)
 Metaspace       used 54157K, committed 54912K, reserved 1114112K
  class space    used 7261K, committed 7616K, reserved 1048576K
}
Event: 50.572 GC heap after
{Heap after GC invocations=13 (full 0):
 garbage-first heap   total 61440K, used 30976K [0x0000000709600000, 0x0000000800000000)
  region size 2048K, 1 young (2048K), 1 survivors (2048K)
 Metaspace       used 54157K, committed 54912K, reserved 1114112K
  class space    used 7261K, committed 7616K, reserved 1048576K
}
Event: 951.764 GC heap before
{Heap before GC invocations=13 (full 0):
 garbage-first heap   total 61440K, used 51456K [0x0000000709600000, 0x0000000800000000)
  region size 2048K, 11 young (22528K), 1 survivors (2048K)
 Metaspace       used 54971K, committed 55744K, reserved 1114112K
  class space    used 7267K, committed 7616K, reserved 1048576K
}
Event: 951.812 GC heap after
{Heap after GC invocations=14 (full 0):
 garbage-first heap   total 61440K, used 31948K [0x0000000709600000, 0x0000000800000000)
  region size 2048K, 2 young (4096K), 2 survivors (4096K)
 Metaspace       used 54971K, committed 55744K, reserved 1114112K
  class space    used 7267K, committed 7616K, reserved 1048576K
}
Event: 1915.315 GC heap before
{Heap before GC invocations=15 (full 0):
 garbage-first heap   total 61440K, used 50380K [0x0000000709600000, 0x0000000800000000)
  region size 2048K, 11 young (22528K), 2 survivors (4096K)
 Metaspace       used 55165K, committed 55936K, reserved 1114112K
  class space    used 7268K, committed 7616K, reserved 1048576K
}
Event: 1915.369 GC heap after
{Heap after GC invocations=16 (full 0):
 garbage-first heap   total 61440K, used 31777K [0x0000000709600000, 0x0000000800000000)
  region size 2048K, 1 young (2048K), 1 survivors (2048K)
 Metaspace       used 55165K, committed 55936K, reserved 1114112K
  class space    used 7268K, committed 7616K, reserved 1048576K
}

